[ 2025-08-10 22:16:42,128 ] 42 root - INFO - Start data Ingestion
[ 2025-08-10 22:16:46,841 ] 62 root - INFO - Performed train test split on the dataframe
[ 2025-08-10 22:16:46,841 ] 64 root - INFO - Exited split_data_as_train_test method of Data_Ingestion class
[ 2025-08-10 22:16:46,841 ] 72 root - INFO - Exporting train and test file path.
[ 2025-08-10 22:16:46,871 ] 81 root - INFO - Exported train and test file path.
[ 2025-08-10 22:16:46,871 ] 45 root - INFO - Data Ingestion completed and artifact: DataIngestionArtifact(trained_file_path='Artifacts/08_10_2025_22_16_06/data_ingestion/ingested/train.csv', test_file_path='Artifacts/08_10_2025_22_16_06/data_ingestion/ingested/test.csv')
[ 2025-08-10 22:16:46,874 ] 55 root - INFO - Initiate the data Validation
[ 2025-08-10 22:16:46,882 ] 32 root - INFO - Required number of columns:2
[ 2025-08-10 22:16:46,882 ] 33 root - INFO - Data frame has columns:31
[ 2025-08-10 22:16:46,882 ] 32 root - INFO - Required number of columns:2
[ 2025-08-10 22:16:46,882 ] 33 root - INFO - Data frame has columns:31
[ 2025-08-10 22:16:46,936 ] 66 root - INFO - Entered initiate_data_transformation method of DataTransformation class
[ 2025-08-10 22:16:46,936 ] 68 root - INFO - Starting data transformation
[ 2025-08-10 22:16:46,944 ] 50 root - INFO - Entered get_data_transformer_object method of Transformation class
[ 2025-08-10 22:16:46,944 ] 56 root - INFO - Initialise KNNImputer with {'missing_values': nan, 'n_neighbors': 3, 'weights': 'uniform'}
[ 2025-08-10 22:16:46,949 ] 46 root - INFO - Entered the save_object method of MainUtils class
[ 2025-08-10 22:16:46,952 ] 50 root - INFO - Exited the save_object method of MainUtils class
[ 2025-08-10 22:16:46,952 ] 46 root - INFO - Entered the save_object method of MainUtils class
[ 2025-08-10 22:16:46,954 ] 50 root - INFO - Exited the save_object method of MainUtils class
[ 2025-08-10 22:18:14,506 ] 109 root - INFO - Starting MLflow run for model: Random Forest
[ 2025-08-10 22:18:14,613 ] 132 root - INFO - Logged preprocessor artifact from: Artifacts/08_10_2025_22_16_06/data_transformation/transformed_object/preprocessing.pkl
[ 2025-08-10 22:18:16,330 ] 144 root - INFO - Logged model: Random Forest
[ 2025-08-10 22:18:16,330 ] 46 root - INFO - Entered the save_object method of MainUtils class
[ 2025-08-10 22:18:16,339 ] 50 root - INFO - Exited the save_object method of MainUtils class
[ 2025-08-10 22:18:16,339 ] 158 root - INFO - Model trainer artifact: ModelTrainerArtifact(trained_model_file_path='Artifacts/08_10_2025_22_16_06/model_trainer/trained_model/model.pkl', train_metric_artifact=ClassificationMetricArtifact(f1_score=0.9919077483309731, precision_score=0.9893058918482648, recall_score=0.9945233265720081), test_metric_artifact=ClassificationMetricArtifact(f1_score=0.977669508729192, precision_score=0.9741100323624595, recall_score=0.9812550937245313))
